#
# There is insufficient memory for the Java Runtime Environment to continue.
# Native memory allocation (mmap) failed to map 117440512 bytes. Error detail: G1 virtual space
# Possible reasons:
#   The system is out of physical RAM or swap space
#   This process is running with CompressedOops enabled, and the Java Heap may be blocking the growth of the native heap
# Possible solutions:
#   Reduce memory load on the system
#   Increase physical memory or swap space
#   Check if swap backing store is full
#   Decrease Java heap size (-Xmx/-Xms)
#   Decrease number of Java threads
#   Decrease Java thread stack sizes (-Xss)
#   Set larger code cache with -XX:ReservedCodeCacheSize=
#   JVM is running with Unscaled Compressed Oops mode in which the Java heap is
#     placed in the first 4GB address space. The Java Heap base address is the
#     maximum limit for the native heap growth. Please use -XX:HeapBaseMinAddress
#     to set the Java Heap base and to place the Java Heap above 4GB virtual address.
# This output file may be truncated or incomplete.
#
#  Out of Memory Error (os_windows.cpp:3898), pid=10796, tid=15004
#
# JRE version:  (21.0.6+8) (build )
# Java VM: OpenJDK 64-Bit Server VM (21.0.6+8-b631.39, mixed mode, sharing, tiered, compressed oops, compressed class ptrs, g1 gc, windows-amd64)
# No core dump will be written. Minidumps are not enabled by default on client versions of Windows
#

---------------  S U M M A R Y ------------

Command Line: git4idea.http.GitAskPassApp Username for 'https://github.com': 

Host: AMD Ryzen 5 3500U with Radeon Vega Mobile Gfx  , 8 cores, 6G,  Windows 11 , 64 bit Build 26100 (10.0.26100.3323)
Time: Thu Mar 27 20:15:01 2025 RTZ 2 (s 11 , 64 bit Build 26100 (10.0.26100.3323) elapsed time: 3.355985 seconds (0d 0h 0m 3s)

---------------  T H R E A D  ---------------

Current thread (0x000001d8889f7ea0):  JavaThread "Unknown thread" [_thread_in_vm, id=15004, stack(0x0000008c77100000,0x0000008c77200000) (1024K)]

Stack: [0x0000008c77100000,0x0000008c77200000]
Native frames: (J=compiled Java code, j=interpreted, Vv=VM code, C=native code)
V  [jvm.dll+0x6e5d39]
V  [jvm.dll+0x8c4133]
V  [jvm.dll+0x8c668e]
V  [jvm.dll+0x8c6d73]
V  [jvm.dll+0x288f76]
V  [jvm.dll+0x6e25f5]
V  [jvm.dll+0x6d60aa]
V  [jvm.dll+0x3635bb]
V  [jvm.dll+0x36b186]
V  [jvm.dll+0x3bd4b6]
V  [jvm.dll+0x3bd788]
V  [jvm.dll+0x335d2c]
V  [jvm.dll+0x336a1b]
V  [jvm.dll+0x88b589]
V  [jvm.dll+0x3ca688]
V  [jvm.dll+0x874698]
V  [jvm.dll+0x45f04e]
V  [jvm.dll+0x460d31]
C  [jli.dll+0x52ab]
C  [ucrtbase.dll+0x37b0]
C  [KERNEL32.DLL+0x2e8d7]
C  [ntdll.dll+0xbbf6c]


---------------  P R O C E S S  ---------------

Threads class SMR info:
_java_thread_list=0x00007fff646ea148, length=0, elements={
}

Java Threads: ( => current thread )
Total: 0

Other Threads:
  0x000001d88ac8d2c0 WorkerThread "GC Thread#0"                     [id=17728, stack(0x0000008c77200000,0x0000008c77300000) (1024K)]
  0x000001d88ac9cf20 ConcurrentGCThread "G1 Main Marker"            [id=7868, stack(0x0000008c77300000,0x0000008c77400000) (1024K)]
  0x000001d88ac9e1c0 WorkerThread "G1 Conc#0"                       [id=17628, stack(0x0000008c77400000,0x0000008c77500000) (1024K)]

[error occurred during error reporting (printing all threads), id 0xc0000005, EXCEPTION_ACCESS_VIOLATION (0xc0000005) at pc=0x00007fff63dd8de7]
VM state: not at safepoint (not fully initialized)

VM Mutex/Monitor currently owned by a thread:  ([mutex/lock_event])
[0x00007fff6475eb30] Heap_lock - owner thread: 0x000001d8889f7ea0

Heap address: 0x0000000091000000, size: 1776 MB, Compressed Oops mode: 32-bit

CDS archive(s) mapped at: [0x0000000000000000-0x0000000000000000-0x0000000000000000), size 0, SharedBaseAddress: 0x0000000800000000, ArchiveRelocationMode: 1.
Narrow klass base: 0x0000000000000000, Narrow klass shift: 0, Narrow klass range: 0x0

GC Precious Log:
 CardTable entry size: 512
 Card Set container configuration: InlinePtr #cards 5 size 8 Array Of Cards #cards 12 size 40 Howl #buckets 4 coarsen threshold 1843 Howl Bitmap #cards 512 size 80 coarsen threshold 460 Card regions per heap region 1 cards per card region 2048

Heap:
 garbage-first heap   total 0K, used 0K [0x0000000091000000, 0x0000000100000000)
  region size 1024K, 0 young (0K), 0 survivors (0K)
 Metaspace       used 0K, committed 0K, reserved 0K
  class space    used 0K, committed 0K, reserved 0K

Heap Regions: E=young(eden), S=young(survivor), O=old, HS=humongous(starts), HC=humongous(continues), CS=collection set, F=free, TAMS=top-at-mark-start, PB=parsable bottom

Card table byte_map: [0x000001d89e280000,0x000001d89e600000] _byte_map_base: 0x000001d89ddf8000

Marking Bits: (CMBitMap*) 0x000001d88ac8d9c0
 Bits: [0x000001d89e600000, 0x000001d8a01c0000)

GC Heap History (0 events):
No events

Dll operation events (1 events):
Event: 0.047 Loaded shared library C:\Program Files\JetBrains\PyCharm 2024.3.3\jbr\bin\java.dll

Deoptimization events (0 events):
No events

Classes loaded (0 events):
No events

Classes unloaded (0 events):
No events

Classes redefined (0 events):
No events

Internal exceptions (0 events):
No events

ZGC Phase Switch (0 events):
No events

VM Operations (0 events):
No events

Memory protections (0 events):
No events

Nmethod flushes (0 events):
No events

Events (0 events):
No events


Dynamic libraries:
0x00007ff61e640000 - 0x00007ff61e64a000 	C:\Program Files\JetBrains\PyCharm 2024.3.3\jbr\bin\java.exe
0x00007fffa1640000 - 0x00007fffa18a3000 	C:\WINDOWS\SYSTEM32\ntdll.dll
0x00007fffa0ff0000 - 0x00007fffa10b7000 	C:\WINDOWS\System32\KERNEL32.DLL
0x00007fff9eca0000 - 0x00007fff9f069000 	C:\WINDOWS\System32\KERNELBASE.dll
0x00007fff9e840000 - 0x00007fff9e98c000 	C:\WINDOWS\System32\ucrtbase.dll
0x00007fff98ed0000 - 0x00007fff98ee8000 	C:\Program Files\JetBrains\PyCharm 2024.3.3\jbr\bin\jli.dll
0x00007fff9f880000 - 0x00007fff9fa4a000 	C:\WINDOWS\System32\USER32.dll
0x00007fff9eb00000 - 0x00007fff9eb27000 	C:\WINDOWS\System32\win32u.dll
0x00007fff993e0000 - 0x00007fff993fb000 	C:\Program Files\JetBrains\PyCharm 2024.3.3\jbr\bin\VCRUNTIME140.dll
0x00007fff8b170000 - 0x00007fff8b400000 	C:\WINDOWS\WinSxS\amd64_microsoft.windows.common-controls_6595b64144ccf1df_6.0.26100.3323_none_3e088096e3344490\COMCTL32.dll
0x00007fff9ff70000 - 0x00007fff9ff9a000 	C:\WINDOWS\System32\GDI32.dll
0x00007fff9ffd0000 - 0x00007fffa0079000 	C:\WINDOWS\System32\msvcrt.dll
0x00007fff9f320000 - 0x00007fff9f451000 	C:\WINDOWS\System32\gdi32full.dll
0x00007fff9ebf0000 - 0x00007fff9ec93000 	C:\WINDOWS\System32\msvcp_win.dll
0x00007fffa0fb0000 - 0x00007fffa0fdf000 	C:\WINDOWS\System32\IMM32.DLL
0x00007fff98fc0000 - 0x00007fff98fcc000 	C:\Program Files\JetBrains\PyCharm 2024.3.3\jbr\bin\vcruntime140_1.dll
0x00007fff64870000 - 0x00007fff648fd000 	C:\Program Files\JetBrains\PyCharm 2024.3.3\jbr\bin\msvcp140.dll
0x00007fff63a90000 - 0x00007fff64851000 	C:\Program Files\JetBrains\PyCharm 2024.3.3\jbr\bin\server\jvm.dll
0x00007fffa1220000 - 0x00007fffa12d2000 	C:\WINDOWS\System32\ADVAPI32.dll
0x00007fff9fc30000 - 0x00007fff9fcd6000 	C:\WINDOWS\System32\sechost.dll
0x00007fffa02e0000 - 0x00007fffa03f6000 	C:\WINDOWS\System32\RPCRT4.dll
0x00007fffa0260000 - 0x00007fffa02d4000 	C:\WINDOWS\System32\WS2_32.dll
0x00007fff9e6d0000 - 0x00007fff9e71e000 	C:\WINDOWS\SYSTEM32\POWRPROF.dll
0x00007fff96780000 - 0x00007fff967b6000 	C:\WINDOWS\SYSTEM32\WINMM.dll
0x00007fff967c0000 - 0x00007fff967cb000 	C:\WINDOWS\SYSTEM32\VERSION.dll
0x00007fff9e6b0000 - 0x00007fff9e6c4000 	C:\WINDOWS\SYSTEM32\UMPDC.dll
0x00007fff9d660000 - 0x00007fff9d67a000 	C:\WINDOWS\SYSTEM32\kernel.appcore.dll
0x00007fff98f00000 - 0x00007fff98f0a000 	C:\Program Files\JetBrains\PyCharm 2024.3.3\jbr\bin\jimage.dll
0x00007fff9bd10000 - 0x00007fff9bf51000 	C:\WINDOWS\SYSTEM32\DBGHELP.DLL
0x00007fff9f4f0000 - 0x00007fff9f872000 	C:\WINDOWS\System32\combase.dll
0x00007fff9fb50000 - 0x00007fff9fc26000 	C:\WINDOWS\System32\OLEAUT32.dll
0x00007fff87de0000 - 0x00007fff87e19000 	C:\WINDOWS\SYSTEM32\dbgcore.DLL
0x00007fff9f1f0000 - 0x00007fff9f289000 	C:\WINDOWS\System32\bcryptPrimitives.dll
0x00007fff98eb0000 - 0x00007fff98ed0000 	C:\Program Files\JetBrains\PyCharm 2024.3.3\jbr\bin\java.dll

dbghelp: loaded successfully - version: 4.0.5 - missing functions: none
symbol engine: initialized successfully - sym options: 0x614 - pdb path: .;C:\Program Files\JetBrains\PyCharm 2024.3.3\jbr\bin;C:\WINDOWS\SYSTEM32;C:\WINDOWS\WinSxS\amd64_microsoft.windows.common-controls_6595b64144ccf1df_6.0.26100.3323_none_3e088096e3344490;C:\Program Files\JetBrains\PyCharm 2024.3.3\jbr\bin\server

VM Arguments:
java_command: git4idea.http.GitAskPassApp Username for 'https://github.com': 
java_class_path (initial): C:/Program Files/JetBrains/PyCharm 2024.3.3/plugins/vcs-git/lib/git4idea-rt.jar;C:/Program Files/JetBrains/PyCharm 2024.3.3/lib/externalProcess-rt.jar
Launcher Type: SUN_STANDARD

[Global flags]
     intx CICompilerCount                          = 4                                         {product} {ergonomic}
     uint ConcGCThreads                            = 2                                         {product} {ergonomic}
     uint G1ConcRefinementThreads                  = 8                                         {product} {ergonomic}
   size_t G1HeapRegionSize                         = 1048576                                   {product} {ergonomic}
    uintx GCDrainStackTargetSize                   = 64                                        {product} {ergonomic}
   size_t InitialHeapSize                          = 117440512                                 {product} {ergonomic}
   size_t MarkStackSize                            = 4194304                                   {product} {ergonomic}
   size_t MaxHeapSize                              = 1862270976                                {product} {ergonomic}
   size_t MinHeapDeltaBytes                        = 1048576                                   {product} {ergonomic}
   size_t MinHeapSize                              = 8388608                                   {product} {ergonomic}
    uintx NonNMethodCodeHeapSize                   = 5839372                                {pd product} {ergonomic}
    uintx NonProfiledCodeHeapSize                  = 122909434                              {pd product} {ergonomic}
    uintx ProfiledCodeHeapSize                     = 122909434                              {pd product} {ergonomic}
    uintx ReservedCodeCacheSize                    = 251658240                              {pd product} {ergonomic}
     bool SegmentedCodeCache                       = true                                      {product} {ergonomic}
   size_t SoftMaxHeapSize                          = 1862270976                             {manageable} {ergonomic}
     bool UseCompressedOops                        = true                           {product lp64_product} {ergonomic}
     bool UseG1GC                                  = true                                      {product} {ergonomic}
     bool UseLargePagesIndividualAllocation        = false                                  {pd product} {ergonomic}

Logging:
Log output configuration:
 #0: stdout all=warning uptime,level,tags foldmultilines=false
 #1: stderr all=off uptime,level,tags foldmultilines=false

Environment Variables:
PATH=C:\Program Files\Git\mingw64\libexec\git-core;C:\Program Files\Git\mingw64\libexec\git-core;C:\Program Files\Git\mingw64\bin;C:\Program Files\Git\usr\bin;C:\Users\asalb\bin;C:\Users\asalb\PycharmProjects\FastAPIProject\NewsGenerator\.venv1\Scripts;C:\Program Files\dotnet;C:\Program Files\Microsoft SQL Server\Client SDK\ODBC\170\Tools\Binn;C:\Program Files\Microsoft SQL Server\160\DTS\Binn;C:\Program Files\Microsoft SQL Server\Client SDK\ODBC\130\Tools\Binn;C:\Program Files\Docker\Docker\resources\bin;%SystemRoot%\system32;%SystemRoot%;%SystemRoot%\System32\Wbem;%SYSTEMROOT%\System32\WindowsPowerShell\v1.0;%SYSTEMROOT%\System32\OpenSSH;C:\Users\asalb\AppData\Local\Programs\Python\Launcher;C:\Users\asalb\AppData\Local\Microsoft\WindowsApps;C:\Users\asalb\AppData\Local\Programs\Microsoft VS Code\bin;C:\Users\asalb\AppData\Roaming\npm;C:\Users\asalb\.dotnet\tools;C:\Program Files\JetBrains\PyCharm 2024.1.2\bin;C:\Users\asalb\AppData\Local\GitHubDesktop\bin;C:\Program Files\Git\usr\bin;C:\Users\asalb\AppData\Local\Programs\Python\Python312\Scripts
USERNAME=asalb
DISPLAY=:0.0
LC_ALL=en_US.UTF-8
TERM=xterm-256color
TMPDIR=C:\Users\asalb\AppData\Local\Temp
OS=Windows_NT
PROCESSOR_IDENTIFIER=AMD64 Family 23 Model 24 Stepping 1, AuthenticAMD
TMP=C:\Users\asalb\AppData\Local\Temp
TEMP=C:\Users\asalb\AppData\Local\Temp




Periodic native trim disabled

JNI global refs:
JNI global refs: 0, weak refs: 0

JNI global refs memory usage: 0, weak refs: 0

Process memory usage:
Resident Set Size: 12528K (0% of 7274124K total physical memory with 726568K free physical memory)

OOME stack traces (most recent first):
Classloader memory used:

---------------  S Y S T E M  ---------------

OS:
 Windows 11 , 64 bit Build 26100 (10.0.26100.3323)
OS uptime: 0 days 4:17 hours
Hyper-V role detected

CPU: total 8 (initial active 8) (8 cores per cpu, 2 threads per core) family 23 model 24 stepping 1 microcode 0x8108109, cx8, cmov, fxsr, ht, mmx, 3dnowpref, sse, sse2, sse3, ssse3, sse4a, sse4.1, sse4.2, popcnt, lzcnt, tsc, tscinvbit, avx, avx2, aes, clmul, bmi1, bmi2, adx, sha, fma, vzeroupper, clflush, clflushopt, hv, rdtscp, f16c
Processor Information for processor 0
  Max Mhz: 2100, Current Mhz: 2100, Mhz Limit: 2100
Processor Information for processor 1
  Max Mhz: 2100, Current Mhz: 2100, Mhz Limit: 2100
Processor Information for processor 2
  Max Mhz: 2100, Current Mhz: 2100, Mhz Limit: 2100
Processor Information for processor 3
  Max Mhz: 2100, Current Mhz: 2100, Mhz Limit: 2100
Processor Information for processor 4
  Max Mhz: 2100, Current Mhz: 2100, Mhz Limit: 2100
Processor Information for processor 5
  Max Mhz: 2100, Current Mhz: 2100, Mhz Limit: 2100
Processor Information for processor 6
  Max Mhz: 2100, Current Mhz: 1400, Mhz Limit: 2100
Processor Information for processor 7
  Max Mhz: 2100, Current Mhz: 1400, Mhz Limit: 2100

Memory: 4k page, system-wide physical 7103M (709M free)
TotalPageFile size 15103M (AvailPageFile size 118M)
current process WorkingSet (physical memory assigned to process): 12M, peak: 12M
current process commit charge ("private bytes"): 60M, peak: 172M

vm_info: OpenJDK 64-Bit Server VM (21.0.6+8-b631.39) for windows-amd64 JRE (21.0.6+8-b631.39), built on 2025-02-04 by "builduser" with MS VC++ 16.10 / 16.11 (VS2019)

END.
